Starting game [seed=893]
Starting round 1
Dealing 10 cards to each player...
Initializing board...


##########
Row 1: [100]
Row 2: [99]
Row 3: [76]
Row 4: [75]
----------
Max player 1: 0 points [2, 13, 17, 18, 22, 56, 80, 81, 93, 97]
Max player 2: 0 points [9, 12, 24, 34, 35, 47, 51, 57, 73, 86]
RL ES player 1 - learner: 0 points [5, 6, 10, 42, 45, 46, 70, 78, 90, 104]
##########


Playing round:1|turn:1
Players choose cards...
RL ES player 1 - learner -> 5
Max player 2 -> 86
Max player 1 -> 97
Playing cards...
RL ES player 1 - learner -> Can't play the card -> Chose row 3
Max player 2 -> Must play card in row 4
Max player 1 -> Must play card in row 4


##########
Row 1: [100]
Row 2: [99]
Row 3: [5]
Row 4: [75, 86, 97]
----------
Max player 1: 0 points [2, 13, 17, 18, 22, 56, 80, 81, 93]
Max player 2: 0 points [9, 12, 24, 34, 35, 47, 51, 57, 73]
RL ES player 1 - learner: 1 points [6, 10, 42, 45, 46, 70, 78, 90, 104]
##########


Playing round:1|turn:2
Players choose cards...
RL ES player 1 - learner -> 6
Max player 2 -> 73
Max player 1 -> 93
Playing cards...
RL ES player 1 - learner -> Must play card in row 3
Max player 2 -> Must play card in row 3
Max player 1 -> Must play card in row 3


##########
Row 1: [100]
Row 2: [99]
Row 3: [5, 6, 73, 93]
Row 4: [75, 86, 97]
----------
Max player 1: 0 points [2, 13, 17, 18, 22, 56, 80, 81]
Max player 2: 0 points [9, 12, 24, 34, 35, 47, 51, 57]
RL ES player 1 - learner: 1 points [10, 42, 45, 46, 70, 78, 90, 104]
##########


Playing round:1|turn:3
Players choose cards...
RL ES player 1 - learner -> 10
Max player 2 -> 57
Max player 1 -> 81
Playing cards...
RL ES player 1 - learner -> Can't play the card -> Chose row 1
Max player 2 -> Must play card in row 1
Max player 1 -> Must play card in row 1


##########
Row 1: [10, 57, 81]
Row 2: [99]
Row 3: [5, 6, 73, 93]
Row 4: [75, 86, 97]
----------
Max player 1: 0 points [2, 13, 17, 18, 22, 56, 80]
Max player 2: 0 points [9, 12, 24, 34, 35, 47, 51]
RL ES player 1 - learner: 4 points [42, 45, 46, 70, 78, 90, 104]
##########


Playing round:1|turn:4
Players choose cards...
RL ES player 1 - learner -> 42
Max player 2 -> 51
Max player 1 -> 80
Playing cards...
RL ES player 1 - learner -> Can't play the card -> Chose row 4
Max player 2 -> Must play card in row 4
Max player 1 -> Must play card in row 4


##########
Row 1: [10, 57, 81]
Row 2: [99]
Row 3: [5, 6, 73, 93]
Row 4: [42, 51, 80]
----------
Max player 1: 0 points [2, 13, 17, 18, 22, 56]
Max player 2: 0 points [9, 12, 24, 34, 35, 47]
RL ES player 1 - learner: 8 points [45, 46, 70, 78, 90, 104]
##########


Playing round:1|turn:5
Players choose cards...
RL ES player 1 - learner -> 45
Max player 2 -> 47
Max player 1 -> 56
Playing cards...
RL ES player 1 - learner -> Can't play the card -> Chose row 1
Max player 2 -> Must play card in row 1
Max player 1 -> Must play card in row 1


##########
Row 1: [45, 47, 56]
Row 2: [99]
Row 3: [5, 6, 73, 93]
Row 4: [42, 51, 80]
----------
Max player 1: 0 points [2, 13, 17, 18, 22]
Max player 2: 0 points [9, 12, 24, 34, 35]
RL ES player 1 - learner: 13 points [46, 70, 78, 90, 104]
##########


Playing round:1|turn:6
Players choose cards...
Max player 1 -> 22
Max player 2 -> 35
RL ES player 1 - learner -> 46
Playing cards...
Max player 1 -> Can't play the card -> Chose row 1
Max player 2 -> Must play card in row 1
RL ES player 1 - learner -> Must play card in row 1


##########
Row 1: [22, 35, 46]
Row 2: [99]
Row 3: [5, 6, 73, 93]
Row 4: [42, 51, 80]
----------
Max player 1: 4 points [2, 13, 17, 18]
Max player 2: 0 points [9, 12, 24, 34]
RL ES player 1 - learner: 13 points [70, 78, 90, 104]
##########


Playing round:1|turn:7
Players choose cards...
Max player 1 -> 18
Max player 2 -> 34
RL ES player 1 - learner -> 70
Playing cards...
Max player 1 -> Can't play the card -> Chose row 2
Max player 2 -> Must play card in row 2
RL ES player 1 - learner -> Must play card in row 1


##########
Row 1: [22, 35, 46, 70]
Row 2: [18, 34]
Row 3: [5, 6, 73, 93]
Row 4: [42, 51, 80]
----------
Max player 1: 9 points [2, 13, 17]
Max player 2: 0 points [9, 12, 24]
RL ES player 1 - learner: 13 points [78, 90, 104]
##########


Playing round:1|turn:8
Players choose cards...
Max player 1 -> 17
Max player 2 -> 24
RL ES player 1 - learner -> 78
Playing cards...
Max player 1 -> Can't play the card -> Chose row 2
Max player 2 -> Must play card in row 2
RL ES player 1 - learner -> Must play card in row 1


##########
Row 1: [22, 35, 46, 70, 78]
Row 2: [17, 24]
Row 3: [5, 6, 73, 93]
Row 4: [42, 51, 80]
----------
Max player 1: 11 points [2, 13]
Max player 2: 0 points [9, 12]
RL ES player 1 - learner: 13 points [90, 104]
##########


Playing round:1|turn:9
Players choose cards...
Max player 2 -> 12
Max player 1 -> 13
RL ES player 1 - learner -> 90
Playing cards...
Max player 2 -> Can't play the card -> Chose row 2
Max player 1 -> Must play card in row 2
RL ES player 1 - learner -> Must play card in row 4


##########
Row 1: [22, 35, 46, 70, 78]
Row 2: [12, 13]
Row 3: [5, 6, 73, 93]
Row 4: [42, 51, 80, 90]
----------
Max player 1: 11 points [2]
Max player 2: 2 points [9]
RL ES player 1 - learner: 13 points [104]
##########


Playing round:1|turn:10
Players choose cards...
Max player 1 -> 2
Max player 2 -> 9
RL ES player 1 - learner -> 104
Playing cards...
Max player 1 -> Can't play the card -> Chose row 2
Max player 2 -> Must play card in row 2
RL ES player 1 - learner -> Must play card in row 3


##########
Row 1: [22, 35, 46, 70, 78]
Row 2: [2, 9]
Row 3: [5, 6, 73, 93, 104]
Row 4: [42, 51, 80, 90]
----------
Max player 1: 13 points []
Max player 2: 2 points []
RL ES player 1 - learner: 13 points []
##########


Starting round 2
Dealing 10 cards to each player...
Initializing board...


##########
Row 1: [33]
Row 2: [95]
Row 3: [100]
Row 4: [21]
----------
Max player 1: 13 points [9, 14, 44, 61, 62, 72, 81, 85, 94, 99]
Max player 2: 2 points [10, 11, 34, 38, 49, 73, 84, 86, 87, 98]
RL ES player 1 - learner: 13 points [6, 12, 22, 24, 41, 52, 58, 80, 82, 89]
##########


Playing round:2|turn:1
Players choose cards...
RL ES player 1 - learner -> 6
Max player 2 -> 98
Max player 1 -> 99
Playing cards...
RL ES player 1 - learner -> Can't play the card -> Chose row 4
Max player 2 -> Must play card in row 2
Max player 1 -> Must play card in row 2


##########
Row 1: [33]
Row 2: [95, 98, 99]
Row 3: [100]
Row 4: [6]
----------
Max player 1: 13 points [9, 14, 44, 61, 62, 72, 81, 85, 94]
Max player 2: 2 points [10, 11, 34, 38, 49, 73, 84, 86, 87]
RL ES player 1 - learner: 14 points [12, 22, 24, 41, 52, 58, 80, 82, 89]
##########


Playing round:2|turn:2
Players choose cards...
RL ES player 1 - learner -> 12
Max player 2 -> 87
Max player 1 -> 94
Playing cards...
RL ES player 1 - learner -> Must play card in row 4
Max player 2 -> Must play card in row 1
Max player 1 -> Must play card in row 1


##########
Row 1: [33, 87, 94]
Row 2: [95, 98, 99]
Row 3: [100]
Row 4: [6, 12]
----------
Max player 1: 13 points [9, 14, 44, 61, 62, 72, 81, 85]
Max player 2: 2 points [10, 11, 34, 38, 49, 73, 84, 86]
RL ES player 1 - learner: 14 points [22, 24, 41, 52, 58, 80, 82, 89]
##########


Playing round:2|turn:3
Players choose cards...
RL ES player 1 - learner -> 22
Max player 1 -> 85
Max player 2 -> 86
Playing cards...
RL ES player 1 - learner -> Must play card in row 4
Max player 1 -> Must play card in row 4
Max player 2 -> Must play card in row 4


##########
Row 1: [33, 87, 94]
Row 2: [95, 98, 99]
Row 3: [100]
Row 4: [6, 12, 22, 85, 86]
----------
Max player 1: 13 points [9, 14, 44, 61, 62, 72, 81]
Max player 2: 2 points [10, 11, 34, 38, 49, 73, 84]
RL ES player 1 - learner: 14 points [24, 41, 52, 58, 80, 82, 89]
##########


Playing round:2|turn:4
Players choose cards...
RL ES player 1 - learner -> 24
Max player 1 -> 81
Max player 2 -> 84
Playing cards...
RL ES player 1 - learner -> Can't play the card -> Chose row 3
Max player 1 -> Must play card in row 3
Max player 2 -> Must play card in row 3


##########
Row 1: [33, 87, 94]
Row 2: [95, 98, 99]
Row 3: [24, 81, 84]
Row 4: [6, 12, 22, 85, 86]
----------
Max player 1: 13 points [9, 14, 44, 61, 62, 72]
Max player 2: 2 points [10, 11, 34, 38, 49, 73]
RL ES player 1 - learner: 17 points [41, 52, 58, 80, 82, 89]
##########


Playing round:2|turn:5
Players choose cards...
RL ES player 1 - learner -> 41
Max player 1 -> 72
Max player 2 -> 73
Playing cards...
RL ES player 1 - learner -> Can't play the card -> Chose row 3
Max player 1 -> Must play card in row 3
Max player 2 -> Must play card in row 3


##########
Row 1: [33, 87, 94]
Row 2: [95, 98, 99]
Row 3: [41, 72, 73]
Row 4: [6, 12, 22, 85, 86]
----------
Max player 1: 13 points [9, 14, 44, 61, 62]
Max player 2: 2 points [10, 11, 34, 38, 49]
RL ES player 1 - learner: 20 points [52, 58, 80, 82, 89]
##########


Playing round:2|turn:6
Players choose cards...
Max player 2 -> 49
RL ES player 1 - learner -> 52
Max player 1 -> 62
Playing cards...
Max player 2 -> Can't play the card -> Chose row 3
RL ES player 1 - learner -> Must play card in row 3
Max player 1 -> Must play card in row 3


##########
Row 1: [33, 87, 94]
Row 2: [95, 98, 99]
Row 3: [49, 52, 62]
Row 4: [6, 12, 22, 85, 86]
----------
Max player 1: 13 points [9, 14, 44, 61]
Max player 2: 5 points [10, 11, 34, 38]
RL ES player 1 - learner: 20 points [58, 80, 82, 89]
##########


Playing round:2|turn:7
Players choose cards...
Max player 2 -> 38
RL ES player 1 - learner -> 58
Max player 1 -> 61
Playing cards...
Max player 2 -> Can't play the card -> Chose row 3
RL ES player 1 - learner -> Must play card in row 3
Max player 1 -> Must play card in row 3


##########
Row 1: [33, 87, 94]
Row 2: [95, 98, 99]
Row 3: [38, 58, 61]
Row 4: [6, 12, 22, 85, 86]
----------
Max player 1: 13 points [9, 14, 44]
Max player 2: 8 points [10, 11, 34]
RL ES player 1 - learner: 20 points [80, 82, 89]
##########


Playing round:2|turn:8
Players choose cards...
Max player 2 -> 34
Max player 1 -> 44
RL ES player 1 - learner -> 80
Playing cards...
Max player 2 -> Can't play the card -> Chose row 3
Max player 1 -> Must play card in row 3
RL ES player 1 - learner -> Must play card in row 3


##########
Row 1: [33, 87, 94]
Row 2: [95, 98, 99]
Row 3: [34, 44, 80]
Row 4: [6, 12, 22, 85, 86]
----------
Max player 1: 13 points [9, 14]
Max player 2: 11 points [10, 11]
RL ES player 1 - learner: 20 points [82, 89]
##########


Playing round:2|turn:9
Players choose cards...
Max player 2 -> 11
Max player 1 -> 14
RL ES player 1 - learner -> 82
Playing cards...
Max player 2 -> Can't play the card -> Chose row 1
Max player 1 -> Must play card in row 1
RL ES player 1 - learner -> Must play card in row 3


##########
Row 1: [11, 14]
Row 2: [95, 98, 99]
Row 3: [34, 44, 80, 82]
Row 4: [6, 12, 22, 85, 86]
----------
Max player 1: 13 points [9]
Max player 2: 18 points [10]
RL ES player 1 - learner: 20 points [89]
##########


Playing round:2|turn:10
Players choose cards...
Max player 1 -> 9
Max player 2 -> 10
RL ES player 1 - learner -> 89
Playing cards...
Max player 1 -> Can't play the card -> Chose row 1
Max player 2 -> Must play card in row 1
RL ES player 1 - learner -> Must play card in row 4 -> Row is full


##########
Row 1: [9, 10]
Row 2: [95, 98, 99]
Row 3: [34, 44, 80, 82]
Row 4: [89]
----------
Max player 1: 19 points []
Max player 2: 18 points []
RL ES player 1 - learner: 30 points []
##########


Starting round 3
Dealing 10 cards to each player...
Initializing board...


##########
Row 1: [104]
Row 2: [66]
Row 3: [43]
Row 4: [90]
----------
Max player 1: 19 points [9, 20, 25, 31, 34, 58, 73, 83, 89, 94]
Max player 2: 18 points [3, 10, 14, 21, 35, 48, 60, 62, 76, 84]
RL ES player 1 - learner: 30 points [1, 7, 40, 46, 47, 53, 67, 79, 91, 95]
##########


Playing round:3|turn:1
Players choose cards...
RL ES player 1 - learner -> 1
Max player 2 -> 84
Max player 1 -> 94
Playing cards...
RL ES player 1 - learner -> Can't play the card -> Chose row 1
Max player 2 -> Must play card in row 2
Max player 1 -> Must play card in row 4


##########
Row 1: [1]
Row 2: [66, 84]
Row 3: [43]
Row 4: [90, 94]
----------
Max player 1: 19 points [9, 20, 25, 31, 34, 58, 73, 83, 89]
Max player 2: 18 points [3, 10, 14, 21, 35, 48, 60, 62, 76]
RL ES player 1 - learner: 31 points [7, 40, 46, 47, 53, 67, 79, 91, 95]
##########


Playing round:3|turn:2
Players choose cards...
RL ES player 1 - learner -> 7
Max player 2 -> 76
Max player 1 -> 89
Playing cards...
RL ES player 1 - learner -> Must play card in row 1
Max player 2 -> Must play card in row 3
Max player 1 -> Must play card in row 2


##########
Row 1: [1, 7]
Row 2: [66, 84, 89]
Row 3: [43, 76]
Row 4: [90, 94]
----------
Max player 1: 19 points [9, 20, 25, 31, 34, 58, 73, 83]
Max player 2: 18 points [3, 10, 14, 21, 35, 48, 60, 62]
RL ES player 1 - learner: 31 points [40, 46, 47, 53, 67, 79, 91, 95]
##########


Playing round:3|turn:3
Players choose cards...
RL ES player 1 - learner -> 40
Max player 2 -> 62
Max player 1 -> 83
Playing cards...
RL ES player 1 - learner -> Must play card in row 1
Max player 2 -> Must play card in row 1
Max player 1 -> Must play card in row 3


##########
Row 1: [1, 7, 40, 62]
Row 2: [66, 84, 89]
Row 3: [43, 76, 83]
Row 4: [90, 94]
----------
Max player 1: 19 points [9, 20, 25, 31, 34, 58, 73]
Max player 2: 18 points [3, 10, 14, 21, 35, 48, 60]
RL ES player 1 - learner: 31 points [46, 47, 53, 67, 79, 91, 95]
##########


Playing round:3|turn:4
Players choose cards...
RL ES player 1 - learner -> 46
Max player 2 -> 60
Max player 1 -> 73
Playing cards...
RL ES player 1 - learner -> Can't play the card -> Chose row 3
Max player 2 -> Must play card in row 3
Max player 1 -> Must play card in row 1


##########
Row 1: [1, 7, 40, 62, 73]
Row 2: [66, 84, 89]
Row 3: [46, 60]
Row 4: [90, 94]
----------
Max player 1: 19 points [9, 20, 25, 31, 34, 58]
Max player 2: 18 points [3, 10, 14, 21, 35, 48]
RL ES player 1 - learner: 34 points [47, 53, 67, 79, 91, 95]
##########


Playing round:3|turn:5
Players choose cards...
RL ES player 1 - learner -> 47
Max player 2 -> 48
Max player 1 -> 58
Playing cards...
RL ES player 1 - learner -> Can't play the card -> Chose row 3
Max player 2 -> Must play card in row 3
Max player 1 -> Must play card in row 3


##########
Row 1: [1, 7, 40, 62, 73]
Row 2: [66, 84, 89]
Row 3: [47, 48, 58]
Row 4: [90, 94]
----------
Max player 1: 19 points [9, 20, 25, 31, 34]
Max player 2: 18 points [3, 10, 14, 21, 35]
RL ES player 1 - learner: 38 points [53, 67, 79, 91, 95]
##########


Playing round:3|turn:6
Players choose cards...
Max player 1 -> 34
Max player 2 -> 35
RL ES player 1 - learner -> 53
Playing cards...
Max player 1 -> Can't play the card -> Chose row 3
Max player 2 -> Must play card in row 3
RL ES player 1 - learner -> Must play card in row 3


##########
Row 1: [1, 7, 40, 62, 73]
Row 2: [66, 84, 89]
Row 3: [34, 35, 53]
Row 4: [90, 94]
----------
Max player 1: 22 points [9, 20, 25, 31]
Max player 2: 18 points [3, 10, 14, 21]
RL ES player 1 - learner: 38 points [67, 79, 91, 95]
##########


Playing round:3|turn:7
Players choose cards...
Max player 2 -> 21
Max player 1 -> 31
RL ES player 1 - learner -> 67
Playing cards...
Max player 2 -> Can't play the card -> Chose row 3
Max player 1 -> Must play card in row 3
RL ES player 1 - learner -> Must play card in row 3


##########
Row 1: [1, 7, 40, 62, 73]
Row 2: [66, 84, 89]
Row 3: [21, 31, 67]
Row 4: [90, 94]
----------
Max player 1: 22 points [9, 20, 25]
Max player 2: 22 points [3, 10, 14]
RL ES player 1 - learner: 38 points [79, 91, 95]
##########


Playing round:3|turn:8
Players choose cards...
Max player 2 -> 14
Max player 1 -> 25
RL ES player 1 - learner -> 79
Playing cards...
Max player 2 -> Can't play the card -> Chose row 3
Max player 1 -> Must play card in row 3
RL ES player 1 - learner -> Must play card in row 1 -> Row is full


##########
Row 1: [79]
Row 2: [66, 84, 89]
Row 3: [14, 25]
Row 4: [90, 94]
----------
Max player 1: 22 points [9, 20]
Max player 2: 25 points [3, 10]
RL ES player 1 - learner: 45 points [91, 95]
##########


Playing round:3|turn:9
Players choose cards...
Max player 2 -> 10
Max player 1 -> 20
RL ES player 1 - learner -> 91
Playing cards...
Max player 2 -> Can't play the card -> Chose row 1
Max player 1 -> Must play card in row 1
RL ES player 1 - learner -> Must play card in row 2


##########
Row 1: [10, 20]
Row 2: [66, 84, 89, 91]
Row 3: [14, 25]
Row 4: [90, 94]
----------
Max player 1: 22 points [9]
Max player 2: 26 points [3]
RL ES player 1 - learner: 45 points [95]
##########


Playing round:3|turn:10
Players choose cards...
Max player 2 -> 3
Max player 1 -> 9
RL ES player 1 - learner -> 95
Playing cards...
Max player 2 -> Can't play the card -> Chose row 3
Max player 1 -> Must play card in row 3
RL ES player 1 - learner -> Must play card in row 4


##########
Row 1: [10, 20]
Row 2: [66, 84, 89, 91]
Row 3: [3, 9]
Row 4: [90, 94, 95]
----------
Max player 1: 22 points []
Max player 2: 29 points []
RL ES player 1 - learner: 45 points []
##########


Starting round 4
Dealing 10 cards to each player...
Initializing board...


##########
Row 1: [17]
Row 2: [44]
Row 3: [32]
Row 4: [48]
----------
Max player 1: 22 points [4, 52, 54, 57, 67, 87, 90, 96, 97, 99]
Max player 2: 29 points [11, 28, 41, 59, 66, 76, 86, 93, 102, 104]
RL ES player 1 - learner: 45 points [3, 9, 12, 19, 21, 45, 50, 75, 94, 95]
##########


Playing round:4|turn:1
Players choose cards...
RL ES player 1 - learner -> 3
Max player 1 -> 99
Max player 2 -> 104
Playing cards...
RL ES player 1 - learner -> Can't play the card -> Chose row 1
Max player 1 -> Must play card in row 4
Max player 2 -> Must play card in row 4


##########
Row 1: [3]
Row 2: [44]
Row 3: [32]
Row 4: [48, 99, 104]
----------
Max player 1: 22 points [4, 52, 54, 57, 67, 87, 90, 96, 97]
Max player 2: 29 points [11, 28, 41, 59, 66, 76, 86, 93, 102]
RL ES player 1 - learner: 46 points [9, 12, 19, 21, 45, 50, 75, 94, 95]
##########


Playing round:4|turn:2
Players choose cards...
RL ES player 1 - learner -> 9
Max player 1 -> 97
Max player 2 -> 102
Playing cards...
RL ES player 1 - learner -> Must play card in row 1
Max player 1 -> Must play card in row 2
Max player 2 -> Must play card in row 2


##########
Row 1: [3, 9]
Row 2: [44, 97, 102]
Row 3: [32]
Row 4: [48, 99, 104]
----------
Max player 1: 22 points [4, 52, 54, 57, 67, 87, 90, 96]
Max player 2: 29 points [11, 28, 41, 59, 66, 76, 86, 93]
RL ES player 1 - learner: 46 points [12, 19, 21, 45, 50, 75, 94, 95]
##########


Playing round:4|turn:3
Players choose cards...
RL ES player 1 - learner -> 12
Max player 2 -> 93
Max player 1 -> 96
Playing cards...
RL ES player 1 - learner -> Must play card in row 1
Max player 2 -> Must play card in row 3
Max player 1 -> Must play card in row 3


##########
Row 1: [3, 9, 12]
Row 2: [44, 97, 102]
Row 3: [32, 93, 96]
Row 4: [48, 99, 104]
----------
Max player 1: 22 points [4, 52, 54, 57, 67, 87, 90]
Max player 2: 29 points [11, 28, 41, 59, 66, 76, 86]
RL ES player 1 - learner: 46 points [19, 21, 45, 50, 75, 94, 95]
##########


Playing round:4|turn:4
Players choose cards...
RL ES player 1 - learner -> 19
Max player 2 -> 86
Max player 1 -> 90
Playing cards...
RL ES player 1 - learner -> Must play card in row 1
Max player 2 -> Must play card in row 1
Max player 1 -> Must play card in row 1 -> Row is full


##########
Row 1: [90]
Row 2: [44, 97, 102]
Row 3: [32, 93, 96]
Row 4: [48, 99, 104]
----------
Max player 1: 27 points [4, 52, 54, 57, 67, 87]
Max player 2: 29 points [11, 28, 41, 59, 66, 76]
RL ES player 1 - learner: 46 points [21, 45, 50, 75, 94, 95]
##########


Playing round:4|turn:5
Players choose cards...
RL ES player 1 - learner -> 21
Max player 2 -> 76
Max player 1 -> 87
Playing cards...
RL ES player 1 - learner -> Can't play the card -> Chose row 1
Max player 2 -> Must play card in row 1
Max player 1 -> Must play card in row 1


##########
Row 1: [21, 76, 87]
Row 2: [44, 97, 102]
Row 3: [32, 93, 96]
Row 4: [48, 99, 104]
----------
Max player 1: 27 points [4, 52, 54, 57, 67]
Max player 2: 29 points [11, 28, 41, 59, 66]
RL ES player 1 - learner: 49 points [45, 50, 75, 94, 95]
##########


Playing round:4|turn:6
Players choose cards...
RL ES player 1 - learner -> 45
Max player 2 -> 66
Max player 1 -> 67
Playing cards...
RL ES player 1 - learner -> Can't play the card -> Chose row 1
Max player 2 -> Must play card in row 1
Max player 1 -> Must play card in row 1


##########
Row 1: [45, 66, 67]
Row 2: [44, 97, 102]
Row 3: [32, 93, 96]
Row 4: [48, 99, 104]
----------
Max player 1: 27 points [4, 52, 54, 57]
Max player 2: 29 points [11, 28, 41, 59]
RL ES player 1 - learner: 52 points [50, 75, 94, 95]
##########


Playing round:4|turn:7
Players choose cards...
RL ES player 1 - learner -> 50
Max player 1 -> 57
Max player 2 -> 59
Playing cards...
RL ES player 1 - learner -> Can't play the card -> Chose row 3
Max player 1 -> Must play card in row 3
Max player 2 -> Must play card in row 3


##########
Row 1: [45, 66, 67]
Row 2: [44, 97, 102]
Row 3: [50, 57, 59]
Row 4: [48, 99, 104]
----------
Max player 1: 27 points [4, 52, 54]
Max player 2: 29 points [11, 28, 41]
RL ES player 1 - learner: 55 points [75, 94, 95]
##########


Playing round:4|turn:8
Players choose cards...
Max player 2 -> 41
Max player 1 -> 54
RL ES player 1 - learner -> 75
Playing cards...
Max player 2 -> Can't play the card -> Chose row 3
Max player 1 -> Must play card in row 3
RL ES player 1 - learner -> Must play card in row 1


##########
Row 1: [45, 66, 67, 75]
Row 2: [44, 97, 102]
Row 3: [41, 54]
Row 4: [48, 99, 104]
----------
Max player 1: 27 points [4, 52]
Max player 2: 34 points [11, 28]
RL ES player 1 - learner: 55 points [94, 95]
##########


Playing round:4|turn:9
Players choose cards...
Max player 2 -> 28
Max player 1 -> 52
RL ES player 1 - learner -> 94
Playing cards...
Max player 2 -> Can't play the card -> Chose row 3
Max player 1 -> Must play card in row 3
RL ES player 1 - learner -> Must play card in row 1


##########
Row 1: [45, 66, 67, 75, 94]
Row 2: [44, 97, 102]
Row 3: [28, 52]
Row 4: [48, 99, 104]
----------
Max player 1: 27 points [4]
Max player 2: 36 points [11]
RL ES player 1 - learner: 55 points [95]
##########


Playing round:4|turn:10
Players choose cards...
Max player 1 -> 4
Max player 2 -> 11
RL ES player 1 - learner -> 95
Playing cards...
Max player 1 -> Can't play the card -> Chose row 3
Max player 2 -> Must play card in row 3
RL ES player 1 - learner -> Must play card in row 1 -> Row is full


##########
Row 1: [95]
Row 2: [44, 97, 102]
Row 3: [4, 11]
Row 4: [48, 99, 104]
----------
Max player 1: 29 points []
Max player 2: 36 points []
RL ES player 1 - learner: 66 points []
##########


Results:
Max player 1 -> total: 29, rounds: [13, 6, 3, 7]
Max player 2 -> total: 36, rounds: [2, 16, 11, 7]
RL ES player 1 - learner -> total: 66, rounds: [13, 17, 15, 21]
