Starting game [seed=893]
Starting round 1
Dealing 10 cards to each player...
Initializing board...


##########
Row 1: [100]
Row 2: [99]
Row 3: [76]
Row 4: [75]
----------
Random player 1: 0 points [2, 13, 17, 18, 22, 56, 80, 81, 93, 97]
Random player 2: 0 points [9, 12, 24, 34, 35, 47, 51, 57, 73, 86]
RL ES player 1 - learner: 0 points [5, 6, 10, 42, 45, 46, 70, 78, 90, 104]
##########


Playing round:1|turn:1
Players choose cards...
RL ES player 1 - learner -> 5
Random player 2 -> 12
Random player 1 -> 13
Playing cards...
RL ES player 1 - learner -> Can't play the card -> Chose row 3
Random player 2 -> Must play card in row 3
Random player 1 -> Must play card in row 3


##########
Row 1: [100]
Row 2: [99]
Row 3: [5, 12, 13]
Row 4: [75]
----------
Random player 1: 0 points [2, 17, 18, 22, 56, 80, 81, 93, 97]
Random player 2: 0 points [9, 24, 34, 35, 47, 51, 57, 73, 86]
RL ES player 1 - learner: 1 points [6, 10, 42, 45, 46, 70, 78, 90, 104]
##########


Playing round:1|turn:2
Players choose cards...
Random player 1 -> 2
RL ES player 1 - learner -> 6
Random player 2 -> 9
Playing cards...
Random player 1 -> Can't play the card -> Chose row 1
RL ES player 1 - learner -> Must play card in row 1
Random player 2 -> Must play card in row 1


##########
Row 1: [2, 6, 9]
Row 2: [99]
Row 3: [5, 12, 13]
Row 4: [75]
----------
Random player 1: 3 points [17, 18, 22, 56, 80, 81, 93, 97]
Random player 2: 0 points [24, 34, 35, 47, 51, 57, 73, 86]
RL ES player 1 - learner: 1 points [10, 42, 45, 46, 70, 78, 90, 104]
##########


Playing round:1|turn:3
Players choose cards...
RL ES player 1 - learner -> 10
Random player 2 -> 51
Random player 1 -> 80
Playing cards...
RL ES player 1 - learner -> Must play card in row 1
Random player 2 -> Must play card in row 3
Random player 1 -> Must play card in row 4


##########
Row 1: [2, 6, 9, 10]
Row 2: [99]
Row 3: [5, 12, 13, 51]
Row 4: [75, 80]
----------
Random player 1: 3 points [17, 18, 22, 56, 81, 93, 97]
Random player 2: 0 points [24, 34, 35, 47, 57, 73, 86]
RL ES player 1 - learner: 1 points [42, 45, 46, 70, 78, 90, 104]
##########


Playing round:1|turn:4
Players choose cards...
Random player 1 -> 18
Random player 2 -> 34
RL ES player 1 - learner -> 42
Playing cards...
Random player 1 -> Must play card in row 1
Random player 2 -> Must play card in row 1 -> Row is full
RL ES player 1 - learner -> Must play card in row 1


##########
Row 1: [34, 42]
Row 2: [99]
Row 3: [5, 12, 13, 51]
Row 4: [75, 80]
----------
Random player 1: 3 points [17, 22, 56, 81, 93, 97]
Random player 2: 7 points [24, 35, 47, 57, 73, 86]
RL ES player 1 - learner: 1 points [45, 46, 70, 78, 90, 104]
##########


Playing round:1|turn:5
Players choose cards...
Random player 1 -> 22
Random player 2 -> 35
RL ES player 1 - learner -> 45
Playing cards...
Random player 1 -> Can't play the card -> Chose row 1
Random player 2 -> Must play card in row 1
RL ES player 1 - learner -> Must play card in row 1


##########
Row 1: [22, 35, 45]
Row 2: [99]
Row 3: [5, 12, 13, 51]
Row 4: [75, 80]
----------
Random player 1: 5 points [17, 56, 81, 93, 97]
Random player 2: 7 points [24, 47, 57, 73, 86]
RL ES player 1 - learner: 1 points [46, 70, 78, 90, 104]
##########


Playing round:1|turn:6
Players choose cards...
RL ES player 1 - learner -> 46
Random player 2 -> 47
Random player 1 -> 56
Playing cards...
RL ES player 1 - learner -> Must play card in row 1
Random player 2 -> Must play card in row 1
Random player 1 -> Must play card in row 3


##########
Row 1: [22, 35, 45, 46, 47]
Row 2: [99]
Row 3: [5, 12, 13, 51, 56]
Row 4: [75, 80]
----------
Random player 1: 5 points [17, 81, 93, 97]
Random player 2: 7 points [24, 57, 73, 86]
RL ES player 1 - learner: 1 points [70, 78, 90, 104]
##########


Playing round:1|turn:7
Players choose cards...
Random player 1 -> 17
Random player 2 -> 24
RL ES player 1 - learner -> 70
Playing cards...
Random player 1 -> Can't play the card -> Chose row 3
Random player 2 -> Must play card in row 3
RL ES player 1 - learner -> Must play card in row 1 -> Row is full


##########
Row 1: [70]
Row 2: [99]
Row 3: [17, 24]
Row 4: [75, 80]
----------
Random player 1: 11 points [81, 93, 97]
Random player 2: 7 points [57, 73, 86]
RL ES player 1 - learner: 12 points [78, 90, 104]
##########


Playing round:1|turn:8
Players choose cards...
RL ES player 1 - learner -> 78
Random player 2 -> 86
Random player 1 -> 97
Playing cards...
RL ES player 1 - learner -> Must play card in row 1
Random player 2 -> Must play card in row 4
Random player 1 -> Must play card in row 4


##########
Row 1: [70, 78]
Row 2: [99]
Row 3: [17, 24]
Row 4: [75, 80, 86, 97]
----------
Random player 1: 11 points [81, 93]
Random player 2: 7 points [57, 73]
RL ES player 1 - learner: 12 points [90, 104]
##########


Playing round:1|turn:9
Players choose cards...
Random player 2 -> 57
Random player 1 -> 81
RL ES player 1 - learner -> 90
Playing cards...
Random player 2 -> Must play card in row 3
Random player 1 -> Must play card in row 1
RL ES player 1 - learner -> Must play card in row 1


##########
Row 1: [70, 78, 81, 90]
Row 2: [99]
Row 3: [17, 24, 57]
Row 4: [75, 80, 86, 97]
----------
Random player 1: 11 points [93]
Random player 2: 7 points [73]
RL ES player 1 - learner: 12 points [104]
##########


Playing round:1|turn:10
Players choose cards...
Random player 2 -> 73
Random player 1 -> 93
RL ES player 1 - learner -> 104
Playing cards...
Random player 2 -> Must play card in row 3
Random player 1 -> Must play card in row 1
RL ES player 1 - learner -> Must play card in row 2


##########
Row 1: [70, 78, 81, 90, 93]
Row 2: [99, 104]
Row 3: [17, 24, 57, 73]
Row 4: [75, 80, 86, 97]
----------
Random player 1: 11 points []
Random player 2: 7 points []
RL ES player 1 - learner: 12 points []
##########


Starting round 2
Dealing 10 cards to each player...
Initializing board...


##########
Row 1: [33]
Row 2: [95]
Row 3: [100]
Row 4: [21]
----------
Random player 1: 11 points [9, 14, 44, 61, 62, 72, 81, 85, 94, 99]
Random player 2: 7 points [10, 11, 34, 38, 49, 73, 84, 86, 87, 98]
RL ES player 1 - learner: 12 points [6, 12, 22, 24, 41, 52, 58, 80, 82, 89]
##########


Playing round:2|turn:1
Players choose cards...
RL ES player 1 - learner -> 6
Random player 1 -> 9
Random player 2 -> 10
Playing cards...
RL ES player 1 - learner -> Can't play the card -> Chose row 4
Random player 1 -> Must play card in row 4
Random player 2 -> Must play card in row 4


##########
Row 1: [33]
Row 2: [95]
Row 3: [100]
Row 4: [6, 9, 10]
----------
Random player 1: 11 points [14, 44, 61, 62, 72, 81, 85, 94, 99]
Random player 2: 7 points [11, 34, 38, 49, 73, 84, 86, 87, 98]
RL ES player 1 - learner: 13 points [12, 22, 24, 41, 52, 58, 80, 82, 89]
##########


Playing round:2|turn:2
Players choose cards...
Random player 2 -> 11
RL ES player 1 - learner -> 12
Random player 1 -> 14
Playing cards...
Random player 2 -> Must play card in row 4
RL ES player 1 - learner -> Must play card in row 4
Random player 1 -> Must play card in row 4 -> Row is full


##########
Row 1: [33]
Row 2: [95]
Row 3: [100]
Row 4: [14]
----------
Random player 1: 22 points [44, 61, 62, 72, 81, 85, 94, 99]
Random player 2: 7 points [34, 38, 49, 73, 84, 86, 87, 98]
RL ES player 1 - learner: 13 points [22, 24, 41, 52, 58, 80, 82, 89]
##########


Playing round:2|turn:3
Players choose cards...
RL ES player 1 - learner -> 22
Random player 2 -> 38
Random player 1 -> 61
Playing cards...
RL ES player 1 - learner -> Must play card in row 4
Random player 2 -> Must play card in row 1
Random player 1 -> Must play card in row 1


##########
Row 1: [33, 38, 61]
Row 2: [95]
Row 3: [100]
Row 4: [14, 22]
----------
Random player 1: 22 points [44, 62, 72, 81, 85, 94, 99]
Random player 2: 7 points [34, 49, 73, 84, 86, 87, 98]
RL ES player 1 - learner: 13 points [24, 41, 52, 58, 80, 82, 89]
##########


Playing round:2|turn:4
Players choose cards...
RL ES player 1 - learner -> 24
Random player 2 -> 49
Random player 1 -> 62
Playing cards...
RL ES player 1 - learner -> Must play card in row 4
Random player 2 -> Must play card in row 4
Random player 1 -> Must play card in row 1


##########
Row 1: [33, 38, 61, 62]
Row 2: [95]
Row 3: [100]
Row 4: [14, 22, 24, 49]
----------
Random player 1: 22 points [44, 72, 81, 85, 94, 99]
Random player 2: 7 points [34, 73, 84, 86, 87, 98]
RL ES player 1 - learner: 13 points [41, 52, 58, 80, 82, 89]
##########


Playing round:2|turn:5
Players choose cards...
RL ES player 1 - learner -> 41
Random player 1 -> 72
Random player 2 -> 73
Playing cards...
RL ES player 1 - learner -> Can't play the card -> Chose row 2
Random player 1 -> Must play card in row 1
Random player 2 -> Must play card in row 1 -> Row is full


##########
Row 1: [73]
Row 2: [41]
Row 3: [100]
Row 4: [14, 22, 24, 49]
----------
Random player 1: 22 points [44, 81, 85, 94, 99]
Random player 2: 16 points [34, 84, 86, 87, 98]
RL ES player 1 - learner: 15 points [52, 58, 80, 82, 89]
##########


Playing round:2|turn:6
Players choose cards...
RL ES player 1 - learner -> 52
Random player 2 -> 98
Random player 1 -> 99
Playing cards...
RL ES player 1 - learner -> Must play card in row 4
Random player 2 -> Must play card in row 1
Random player 1 -> Must play card in row 1


##########
Row 1: [73, 98, 99]
Row 2: [41]
Row 3: [100]
Row 4: [14, 22, 24, 49, 52]
----------
Random player 1: 22 points [44, 81, 85, 94]
Random player 2: 16 points [34, 84, 86, 87]
RL ES player 1 - learner: 15 points [58, 80, 82, 89]
##########


Playing round:2|turn:7
Players choose cards...
Random player 2 -> 34
Random player 1 -> 44
RL ES player 1 - learner -> 58
Playing cards...
Random player 2 -> Can't play the card -> Chose row 1
Random player 1 -> Must play card in row 2
RL ES player 1 - learner -> Must play card in row 4 -> Row is full


##########
Row 1: [34]
Row 2: [41, 44]
Row 3: [100]
Row 4: [58]
----------
Random player 1: 22 points [81, 85, 94]
Random player 2: 23 points [84, 86, 87]
RL ES player 1 - learner: 24 points [80, 82, 89]
##########


Playing round:2|turn:8
Players choose cards...
RL ES player 1 - learner -> 80
Random player 2 -> 87
Random player 1 -> 94
Playing cards...
RL ES player 1 - learner -> Must play card in row 4
Random player 2 -> Must play card in row 4
Random player 1 -> Must play card in row 4


##########
Row 1: [34]
Row 2: [41, 44]
Row 3: [100]
Row 4: [58, 80, 87, 94]
----------
Random player 1: 22 points [81, 85]
Random player 2: 23 points [84, 86]
RL ES player 1 - learner: 24 points [82, 89]
##########


Playing round:2|turn:9
Players choose cards...
Random player 1 -> 81
RL ES player 1 - learner -> 82
Random player 2 -> 84
Playing cards...
Random player 1 -> Must play card in row 2
RL ES player 1 - learner -> Must play card in row 2
Random player 2 -> Must play card in row 2


##########
Row 1: [34]
Row 2: [41, 44, 81, 82, 84]
Row 3: [100]
Row 4: [58, 80, 87, 94]
----------
Random player 1: 22 points [85]
Random player 2: 23 points [86]
RL ES player 1 - learner: 24 points [89]
##########


Playing round:2|turn:10
Players choose cards...
Random player 1 -> 85
Random player 2 -> 86
RL ES player 1 - learner -> 89
Playing cards...
Random player 1 -> Must play card in row 2 -> Row is full
Random player 2 -> Must play card in row 2
RL ES player 1 - learner -> Must play card in row 2


##########
Row 1: [34]
Row 2: [85, 86, 89]
Row 3: [100]
Row 4: [58, 80, 87, 94]
----------
Random player 1: 31 points []
Random player 2: 23 points []
RL ES player 1 - learner: 24 points []
##########


Starting round 3
Dealing 10 cards to each player...
Initializing board...


##########
Row 1: [104]
Row 2: [66]
Row 3: [43]
Row 4: [90]
----------
Random player 1: 31 points [9, 20, 25, 31, 34, 58, 73, 83, 89, 94]
Random player 2: 23 points [3, 10, 14, 21, 35, 48, 60, 62, 76, 84]
RL ES player 1 - learner: 24 points [1, 7, 40, 46, 47, 53, 67, 79, 91, 95]
##########


Playing round:3|turn:1
Players choose cards...
RL ES player 1 - learner -> 1
Random player 2 -> 21
Random player 1 -> 31
Playing cards...
RL ES player 1 - learner -> Can't play the card -> Chose row 1
Random player 2 -> Must play card in row 1
Random player 1 -> Must play card in row 1


##########
Row 1: [1, 21, 31]
Row 2: [66]
Row 3: [43]
Row 4: [90]
----------
Random player 1: 31 points [9, 20, 25, 34, 58, 73, 83, 89, 94]
Random player 2: 23 points [3, 10, 14, 35, 48, 60, 62, 76, 84]
RL ES player 1 - learner: 25 points [7, 40, 46, 47, 53, 67, 79, 91, 95]
##########


Playing round:3|turn:2
Players choose cards...
RL ES player 1 - learner -> 7
Random player 2 -> 76
Random player 1 -> 89
Playing cards...
RL ES player 1 - learner -> Can't play the card -> Chose row 3
Random player 2 -> Must play card in row 2
Random player 1 -> Must play card in row 2


##########
Row 1: [1, 21, 31]
Row 2: [66, 76, 89]
Row 3: [7]
Row 4: [90]
----------
Random player 1: 31 points [9, 20, 25, 34, 58, 73, 83, 94]
Random player 2: 23 points [3, 10, 14, 35, 48, 60, 62, 84]
RL ES player 1 - learner: 26 points [40, 46, 47, 53, 67, 79, 91, 95]
##########


Playing round:3|turn:3
Players choose cards...
RL ES player 1 - learner -> 40
Random player 2 -> 48
Random player 1 -> 58
Playing cards...
RL ES player 1 - learner -> Must play card in row 1
Random player 2 -> Must play card in row 1
Random player 1 -> Must play card in row 1 -> Row is full


##########
Row 1: [58]
Row 2: [66, 76, 89]
Row 3: [7]
Row 4: [90]
----------
Random player 1: 38 points [9, 20, 25, 34, 73, 83, 94]
Random player 2: 23 points [3, 10, 14, 35, 60, 62, 84]
RL ES player 1 - learner: 26 points [46, 47, 53, 67, 79, 91, 95]
##########


Playing round:3|turn:4
Players choose cards...
RL ES player 1 - learner -> 46
Random player 2 -> 84
Random player 1 -> 94
Playing cards...
RL ES player 1 - learner -> Must play card in row 3
Random player 2 -> Must play card in row 1
Random player 1 -> Must play card in row 4


##########
Row 1: [58, 84]
Row 2: [66, 76, 89]
Row 3: [7, 46]
Row 4: [90, 94]
----------
Random player 1: 38 points [9, 20, 25, 34, 73, 83]
Random player 2: 23 points [3, 10, 14, 35, 60, 62]
RL ES player 1 - learner: 26 points [47, 53, 67, 79, 91, 95]
##########


Playing round:3|turn:5
Players choose cards...
Random player 2 -> 3
Random player 1 -> 9
RL ES player 1 - learner -> 47
Playing cards...
Random player 2 -> Can't play the card -> Chose row 1
Random player 1 -> Must play card in row 1
RL ES player 1 - learner -> Must play card in row 3


##########
Row 1: [3, 9]
Row 2: [66, 76, 89]
Row 3: [7, 46, 47]
Row 4: [90, 94]
----------
Random player 1: 38 points [20, 25, 34, 73, 83]
Random player 2: 25 points [10, 14, 35, 60, 62]
RL ES player 1 - learner: 26 points [53, 67, 79, 91, 95]
##########


Playing round:3|turn:6
Players choose cards...
Random player 2 -> 14
Random player 1 -> 25
RL ES player 1 - learner -> 53
Playing cards...
Random player 2 -> Must play card in row 1
Random player 1 -> Must play card in row 1
RL ES player 1 - learner -> Must play card in row 3


##########
Row 1: [3, 9, 14, 25]
Row 2: [66, 76, 89]
Row 3: [7, 46, 47, 53]
Row 4: [90, 94]
----------
Random player 1: 38 points [20, 34, 73, 83]
Random player 2: 25 points [10, 35, 60, 62]
RL ES player 1 - learner: 26 points [67, 79, 91, 95]
##########


Playing round:3|turn:7
Players choose cards...
Random player 2 -> 62
RL ES player 1 - learner -> 67
Random player 1 -> 83
Playing cards...
Random player 2 -> Must play card in row 3
RL ES player 1 - learner -> Must play card in row 3 -> Row is full
Random player 1 -> Must play card in row 3


##########
Row 1: [3, 9, 14, 25]
Row 2: [66, 76, 89]
Row 3: [67, 83]
Row 4: [90, 94]
----------
Random player 1: 38 points [20, 34, 73]
Random player 2: 25 points [10, 35, 60]
RL ES player 1 - learner: 31 points [79, 91, 95]
##########


Playing round:3|turn:8
Players choose cards...
Random player 1 -> 34
Random player 2 -> 35
RL ES player 1 - learner -> 79
Playing cards...
Random player 1 -> Must play card in row 1
Random player 2 -> Must play card in row 1 -> Row is full
RL ES player 1 - learner -> Must play card in row 1


##########
Row 1: [35, 79]
Row 2: [66, 76, 89]
Row 3: [67, 83]
Row 4: [90, 94]
----------
Random player 1: 38 points [20, 73]
Random player 2: 31 points [10, 60]
RL ES player 1 - learner: 31 points [91, 95]
##########


Playing round:3|turn:9
Players choose cards...
Random player 2 -> 60
Random player 1 -> 73
RL ES player 1 - learner -> 91
Playing cards...
Random player 2 -> Can't play the card -> Chose row 3
Random player 1 -> Must play card in row 3
RL ES player 1 - learner -> Must play card in row 2


##########
Row 1: [35, 79]
Row 2: [66, 76, 89, 91]
Row 3: [60, 73]
Row 4: [90, 94]
----------
Random player 1: 38 points [20]
Random player 2: 33 points [10]
RL ES player 1 - learner: 31 points [95]
##########


Playing round:3|turn:10
Players choose cards...
Random player 2 -> 10
Random player 1 -> 20
RL ES player 1 - learner -> 95
Playing cards...
Random player 2 -> Can't play the card -> Chose row 2
Random player 1 -> Must play card in row 2
RL ES player 1 - learner -> Must play card in row 4


##########
Row 1: [35, 79]
Row 2: [10, 20]
Row 3: [60, 73]
Row 4: [90, 94, 95]
----------
Random player 1: 38 points []
Random player 2: 41 points []
RL ES player 1 - learner: 31 points []
##########


Starting round 4
Dealing 10 cards to each player...
Initializing board...


##########
Row 1: [17]
Row 2: [44]
Row 3: [32]
Row 4: [48]
----------
Random player 1: 38 points [4, 52, 54, 57, 67, 87, 90, 96, 97, 99]
Random player 2: 41 points [11, 28, 41, 59, 66, 76, 86, 93, 102, 104]
RL ES player 1 - learner: 31 points [3, 9, 12, 19, 21, 45, 50, 75, 94, 95]
##########


Playing round:4|turn:1
Players choose cards...
RL ES player 1 - learner -> 3
Random player 1 -> 57
Random player 2 -> 59
Playing cards...
RL ES player 1 - learner -> Can't play the card -> Chose row 1
Random player 1 -> Must play card in row 4
Random player 2 -> Must play card in row 4


##########
Row 1: [3]
Row 2: [44]
Row 3: [32]
Row 4: [48, 57, 59]
----------
Random player 1: 38 points [4, 52, 54, 67, 87, 90, 96, 97, 99]
Random player 2: 41 points [11, 28, 41, 66, 76, 86, 93, 102, 104]
RL ES player 1 - learner: 32 points [9, 12, 19, 21, 45, 50, 75, 94, 95]
##########


Playing round:4|turn:2
Players choose cards...
RL ES player 1 - learner -> 9
Random player 2 -> 86
Random player 1 -> 90
Playing cards...
RL ES player 1 - learner -> Must play card in row 1
Random player 2 -> Must play card in row 4
Random player 1 -> Must play card in row 4


##########
Row 1: [3, 9]
Row 2: [44]
Row 3: [32]
Row 4: [48, 57, 59, 86, 90]
----------
Random player 1: 38 points [4, 52, 54, 67, 87, 96, 97, 99]
Random player 2: 41 points [11, 28, 41, 66, 76, 93, 102, 104]
RL ES player 1 - learner: 32 points [12, 19, 21, 45, 50, 75, 94, 95]
##########


Playing round:4|turn:3
Players choose cards...
RL ES player 1 - learner -> 12
Random player 2 -> 28
Random player 1 -> 52
Playing cards...
RL ES player 1 - learner -> Must play card in row 1
Random player 2 -> Must play card in row 1
Random player 1 -> Must play card in row 2


##########
Row 1: [3, 9, 12, 28]
Row 2: [44, 52]
Row 3: [32]
Row 4: [48, 57, 59, 86, 90]
----------
Random player 1: 38 points [4, 54, 67, 87, 96, 97, 99]
Random player 2: 41 points [11, 41, 66, 76, 93, 102, 104]
RL ES player 1 - learner: 32 points [19, 21, 45, 50, 75, 94, 95]
##########


Playing round:4|turn:4
Players choose cards...
Random player 1 -> 4
Random player 2 -> 11
RL ES player 1 - learner -> 19
Playing cards...
Random player 1 -> Can't play the card -> Chose row 2
Random player 2 -> Must play card in row 2
RL ES player 1 - learner -> Must play card in row 2


##########
Row 1: [3, 9, 12, 28]
Row 2: [4, 11, 19]
Row 3: [32]
Row 4: [48, 57, 59, 86, 90]
----------
Random player 1: 44 points [54, 67, 87, 96, 97, 99]
Random player 2: 41 points [41, 66, 76, 93, 102, 104]
RL ES player 1 - learner: 32 points [21, 45, 50, 75, 94, 95]
##########


Playing round:4|turn:5
Players choose cards...
RL ES player 1 - learner -> 21
Random player 2 -> 93
Random player 1 -> 96
Playing cards...
RL ES player 1 - learner -> Must play card in row 2
Random player 2 -> Must play card in row 4 -> Row is full
Random player 1 -> Must play card in row 4


##########
Row 1: [3, 9, 12, 28]
Row 2: [4, 11, 19, 21]
Row 3: [32]
Row 4: [93, 96]
----------
Random player 1: 44 points [54, 67, 87, 97, 99]
Random player 2: 48 points [41, 66, 76, 102, 104]
RL ES player 1 - learner: 32 points [45, 50, 75, 94, 95]
##########


Playing round:4|turn:6
Players choose cards...
Random player 2 -> 41
RL ES player 1 - learner -> 45
Random player 1 -> 54
Playing cards...
Random player 2 -> Must play card in row 3
RL ES player 1 - learner -> Must play card in row 3
Random player 1 -> Must play card in row 3


##########
Row 1: [3, 9, 12, 28]
Row 2: [4, 11, 19, 21]
Row 3: [32, 41, 45, 54]
Row 4: [93, 96]
----------
Random player 1: 44 points [67, 87, 97, 99]
Random player 2: 48 points [66, 76, 102, 104]
RL ES player 1 - learner: 32 points [50, 75, 94, 95]
##########


Playing round:4|turn:7
Players choose cards...
RL ES player 1 - learner -> 50
Random player 1 -> 97
Random player 2 -> 102
Playing cards...
RL ES player 1 - learner -> Must play card in row 1
Random player 1 -> Must play card in row 4
Random player 2 -> Must play card in row 4


##########
Row 1: [3, 9, 12, 28, 50]
Row 2: [4, 11, 19, 21]
Row 3: [32, 41, 45, 54]
Row 4: [93, 96, 97, 102]
----------
Random player 1: 44 points [67, 87, 99]
Random player 2: 48 points [66, 76, 104]
RL ES player 1 - learner: 32 points [75, 94, 95]
##########


Playing round:4|turn:8
Players choose cards...
RL ES player 1 - learner -> 75
Random player 2 -> 76
Random player 1 -> 87
Playing cards...
RL ES player 1 - learner -> Must play card in row 3
Random player 2 -> Must play card in row 3 -> Row is full
Random player 1 -> Must play card in row 3


##########
Row 1: [3, 9, 12, 28, 50]
Row 2: [4, 11, 19, 21]
Row 3: [76, 87]
Row 4: [93, 96, 97, 102]
----------
Random player 1: 44 points [67, 99]
Random player 2: 55 points [66, 104]
RL ES player 1 - learner: 32 points [94, 95]
##########


Playing round:4|turn:9
Players choose cards...
RL ES player 1 - learner -> 94
Random player 1 -> 99
Random player 2 -> 104
Playing cards...
RL ES player 1 - learner -> Must play card in row 3
Random player 1 -> Must play card in row 3
Random player 2 -> Must play card in row 4


##########
Row 1: [3, 9, 12, 28, 50]
Row 2: [4, 11, 19, 21]
Row 3: [76, 87, 94, 99]
Row 4: [93, 96, 97, 102, 104]
----------
Random player 1: 44 points [67]
Random player 2: 55 points [66]
RL ES player 1 - learner: 32 points [95]
##########


Playing round:4|turn:10
Players choose cards...
Random player 2 -> 66
Random player 1 -> 67
RL ES player 1 - learner -> 95
Playing cards...
Random player 2 -> Must play card in row 1 -> Row is full
Random player 1 -> Must play card in row 1
RL ES player 1 - learner -> Must play card in row 1


##########
Row 1: [66, 67, 95]
Row 2: [4, 11, 19, 21]
Row 3: [76, 87, 94, 99]
Row 4: [93, 96, 97, 102, 104]
----------
Random player 1: 44 points []
Random player 2: 62 points []
RL ES player 1 - learner: 32 points []
##########


Results:
RL ES player 1 - learner -> total: 32, rounds: [12, 12, 7, 1]
Random player 1 -> total: 44, rounds: [11, 20, 7, 6]
Random player 2 -> total: 62, rounds: [7, 16, 18, 21]
