Starting game [seed=893]
Starting round 1
Dealing 10 cards to each player...
Initializing board...


##########
Row 1: [100]
Row 2: [99]
Row 3: [76]
Row 4: [75]
----------
Min player 1: 0 points [2, 13, 17, 18, 22, 56, 80, 81, 93, 97]
Min player 2: 0 points [9, 12, 24, 34, 35, 47, 51, 57, 73, 86]
RL ES player 1 - learner: 0 points [5, 6, 10, 42, 45, 46, 70, 78, 90, 104]
##########


Playing round:1|turn:1
Players choose cards...
Min player 1 -> 2
Min player 2 -> 9
RL ES player 1 - learner -> 45
Playing cards...
Min player 1 -> Can't play the card -> Chose row 3
Min player 2 -> Must play card in row 3
RL ES player 1 - learner -> Must play card in row 3


##########
Row 1: [100]
Row 2: [99]
Row 3: [2, 9, 45]
Row 4: [75]
----------
Min player 1: 1 points [13, 17, 18, 22, 56, 80, 81, 93, 97]
Min player 2: 0 points [12, 24, 34, 35, 47, 51, 57, 73, 86]
RL ES player 1 - learner: 0 points [5, 6, 10, 42, 46, 70, 78, 90, 104]
##########


Playing round:1|turn:2
Players choose cards...
Min player 2 -> 12
Min player 1 -> 13
RL ES player 1 - learner -> 46
Playing cards...
Min player 2 -> Can't play the card -> Chose row 4
Min player 1 -> Must play card in row 4
RL ES player 1 - learner -> Must play card in row 3


##########
Row 1: [100]
Row 2: [99]
Row 3: [2, 9, 45, 46]
Row 4: [12, 13]
----------
Min player 1: 1 points [17, 18, 22, 56, 80, 81, 93, 97]
Min player 2: 2 points [24, 34, 35, 47, 51, 57, 73, 86]
RL ES player 1 - learner: 0 points [5, 6, 10, 42, 70, 78, 90, 104]
##########


Playing round:1|turn:3
Players choose cards...
RL ES player 1 - learner -> 5
Min player 1 -> 17
Min player 2 -> 24
Playing cards...
RL ES player 1 - learner -> Can't play the card -> Chose row 4
Min player 1 -> Must play card in row 4
Min player 2 -> Must play card in row 4


##########
Row 1: [100]
Row 2: [99]
Row 3: [2, 9, 45, 46]
Row 4: [5, 17, 24]
----------
Min player 1: 1 points [18, 22, 56, 80, 81, 93, 97]
Min player 2: 2 points [34, 35, 47, 51, 57, 73, 86]
RL ES player 1 - learner: 2 points [6, 10, 42, 70, 78, 90, 104]
##########


Playing round:1|turn:4
Players choose cards...
RL ES player 1 - learner -> 6
Min player 1 -> 18
Min player 2 -> 34
Playing cards...
RL ES player 1 - learner -> Can't play the card -> Chose row 1
Min player 1 -> Must play card in row 1
Min player 2 -> Must play card in row 4


##########
Row 1: [6, 18]
Row 2: [99]
Row 3: [2, 9, 45, 46]
Row 4: [5, 17, 24, 34]
----------
Min player 1: 1 points [22, 56, 80, 81, 93, 97]
Min player 2: 2 points [35, 47, 51, 57, 73, 86]
RL ES player 1 - learner: 5 points [10, 42, 70, 78, 90, 104]
##########


Playing round:1|turn:5
Players choose cards...
Min player 1 -> 22
Min player 2 -> 35
RL ES player 1 - learner -> 70
Playing cards...
Min player 1 -> Must play card in row 1
Min player 2 -> Must play card in row 4
RL ES player 1 - learner -> Must play card in row 3


##########
Row 1: [6, 18, 22]
Row 2: [99]
Row 3: [2, 9, 45, 46, 70]
Row 4: [5, 17, 24, 34, 35]
----------
Min player 1: 1 points [56, 80, 81, 93, 97]
Min player 2: 2 points [47, 51, 57, 73, 86]
RL ES player 1 - learner: 5 points [10, 42, 78, 90, 104]
##########


Playing round:1|turn:6
Players choose cards...
Min player 2 -> 47
Min player 1 -> 56
RL ES player 1 - learner -> 78
Playing cards...
Min player 2 -> Must play card in row 4 -> Row is full
Min player 1 -> Must play card in row 4
RL ES player 1 - learner -> Must play card in row 3 -> Row is full


##########
Row 1: [6, 18, 22]
Row 2: [99]
Row 3: [78]
Row 4: [47, 56]
----------
Min player 1: 1 points [80, 81, 93, 97]
Min player 2: 9 points [51, 57, 73, 86]
RL ES player 1 - learner: 13 points [10, 42, 90, 104]
##########


Playing round:1|turn:7
Players choose cards...
RL ES player 1 - learner -> 42
Min player 2 -> 51
Min player 1 -> 80
Playing cards...
RL ES player 1 - learner -> Must play card in row 1
Min player 2 -> Must play card in row 1
Min player 1 -> Must play card in row 3


##########
Row 1: [6, 18, 22, 42, 51]
Row 2: [99]
Row 3: [78, 80]
Row 4: [47, 56]
----------
Min player 1: 1 points [81, 93, 97]
Min player 2: 9 points [57, 73, 86]
RL ES player 1 - learner: 13 points [10, 90, 104]
##########


Playing round:1|turn:8
Players choose cards...
Min player 2 -> 57
Min player 1 -> 81
RL ES player 1 - learner -> 90
Playing cards...
Min player 2 -> Must play card in row 4
Min player 1 -> Must play card in row 3
RL ES player 1 - learner -> Must play card in row 3


##########
Row 1: [6, 18, 22, 42, 51]
Row 2: [99]
Row 3: [78, 80, 81, 90]
Row 4: [47, 56, 57]
----------
Min player 1: 1 points [93, 97]
Min player 2: 9 points [73, 86]
RL ES player 1 - learner: 13 points [10, 104]
##########


Playing round:1|turn:9
Players choose cards...
RL ES player 1 - learner -> 10
Min player 2 -> 73
Min player 1 -> 93
Playing cards...
RL ES player 1 - learner -> Can't play the card -> Chose row 4
Min player 2 -> Must play card in row 1 -> Row is full
Min player 1 -> Must play card in row 3


##########
Row 1: [73]
Row 2: [99]
Row 3: [78, 80, 81, 90, 93]
Row 4: [10]
----------
Min player 1: 1 points [97]
Min player 2: 18 points [86]
RL ES player 1 - learner: 16 points [104]
##########


Playing round:1|turn:10
Players choose cards...
Min player 2 -> 86
Min player 1 -> 97
RL ES player 1 - learner -> 104
Playing cards...
Min player 2 -> Must play card in row 1
Min player 1 -> Must play card in row 3 -> Row is full
RL ES player 1 - learner -> Must play card in row 2


##########
Row 1: [73, 86]
Row 2: [99, 104]
Row 3: [97]
Row 4: [10]
----------
Min player 1: 10 points []
Min player 2: 18 points []
RL ES player 1 - learner: 16 points []
##########


Starting round 2
Dealing 10 cards to each player...
Initializing board...


##########
Row 1: [33]
Row 2: [95]
Row 3: [100]
Row 4: [21]
----------
Min player 1: 10 points [9, 14, 44, 61, 62, 72, 81, 85, 94, 99]
Min player 2: 18 points [10, 11, 34, 38, 49, 73, 84, 86, 87, 98]
RL ES player 1 - learner: 16 points [6, 12, 22, 24, 41, 52, 58, 80, 82, 89]
##########


Playing round:2|turn:1
Players choose cards...
Min player 1 -> 9
Min player 2 -> 10
RL ES player 1 - learner -> 41
Playing cards...
Min player 1 -> Can't play the card -> Chose row 4
Min player 2 -> Must play card in row 4
RL ES player 1 - learner -> Must play card in row 1


##########
Row 1: [33, 41]
Row 2: [95]
Row 3: [100]
Row 4: [9, 10]
----------
Min player 1: 11 points [14, 44, 61, 62, 72, 81, 85, 94, 99]
Min player 2: 18 points [11, 34, 38, 49, 73, 84, 86, 87, 98]
RL ES player 1 - learner: 16 points [6, 12, 22, 24, 52, 58, 80, 82, 89]
##########


Playing round:2|turn:2
Players choose cards...
Min player 2 -> 11
Min player 1 -> 14
RL ES player 1 - learner -> 52
Playing cards...
Min player 2 -> Must play card in row 4
Min player 1 -> Must play card in row 4
RL ES player 1 - learner -> Must play card in row 1


##########
Row 1: [33, 41, 52]
Row 2: [95]
Row 3: [100]
Row 4: [9, 10, 11, 14]
----------
Min player 1: 11 points [44, 61, 62, 72, 81, 85, 94, 99]
Min player 2: 18 points [34, 38, 49, 73, 84, 86, 87, 98]
RL ES player 1 - learner: 16 points [6, 12, 22, 24, 58, 80, 82, 89]
##########


Playing round:2|turn:3
Players choose cards...
RL ES player 1 - learner -> 24
Min player 2 -> 34
Min player 1 -> 44
Playing cards...
RL ES player 1 - learner -> Must play card in row 4
Min player 2 -> Must play card in row 4 -> Row is full
Min player 1 -> Must play card in row 4


##########
Row 1: [33, 41, 52]
Row 2: [95]
Row 3: [100]
Row 4: [34, 44]
----------
Min player 1: 11 points [61, 62, 72, 81, 85, 94, 99]
Min player 2: 29 points [38, 49, 73, 84, 86, 87, 98]
RL ES player 1 - learner: 16 points [6, 12, 22, 58, 80, 82, 89]
##########


Playing round:2|turn:4
Players choose cards...
Min player 2 -> 38
RL ES player 1 - learner -> 58
Min player 1 -> 61
Playing cards...
Min player 2 -> Can't play the card -> Chose row 2
RL ES player 1 - learner -> Must play card in row 1
Min player 1 -> Must play card in row 1


##########
Row 1: [33, 41, 52, 58, 61]
Row 2: [38]
Row 3: [100]
Row 4: [34, 44]
----------
Min player 1: 11 points [62, 72, 81, 85, 94, 99]
Min player 2: 31 points [49, 73, 84, 86, 87, 98]
RL ES player 1 - learner: 16 points [6, 12, 22, 80, 82, 89]
##########


Playing round:2|turn:5
Players choose cards...
RL ES player 1 - learner -> 6
Min player 2 -> 49
Min player 1 -> 62
Playing cards...
RL ES player 1 - learner -> Can't play the card -> Chose row 2
Min player 2 -> Must play card in row 4
Min player 1 -> Must play card in row 1 -> Row is full


##########
Row 1: [62]
Row 2: [6]
Row 3: [100]
Row 4: [34, 44, 49]
----------
Min player 1: 20 points [72, 81, 85, 94, 99]
Min player 2: 31 points [73, 84, 86, 87, 98]
RL ES player 1 - learner: 17 points [12, 22, 80, 82, 89]
##########


Playing round:2|turn:6
Players choose cards...
RL ES player 1 - learner -> 12
Min player 1 -> 72
Min player 2 -> 73
Playing cards...
RL ES player 1 - learner -> Must play card in row 2
Min player 1 -> Must play card in row 1
Min player 2 -> Must play card in row 1


##########
Row 1: [62, 72, 73]
Row 2: [6, 12]
Row 3: [100]
Row 4: [34, 44, 49]
----------
Min player 1: 20 points [81, 85, 94, 99]
Min player 2: 31 points [84, 86, 87, 98]
RL ES player 1 - learner: 17 points [22, 80, 82, 89]
##########


Playing round:2|turn:7
Players choose cards...
RL ES player 1 - learner -> 22
Min player 1 -> 81
Min player 2 -> 84
Playing cards...
RL ES player 1 - learner -> Must play card in row 2
Min player 1 -> Must play card in row 1
Min player 2 -> Must play card in row 1


##########
Row 1: [62, 72, 73, 81, 84]
Row 2: [6, 12, 22]
Row 3: [100]
Row 4: [34, 44, 49]
----------
Min player 1: 20 points [85, 94, 99]
Min player 2: 31 points [86, 87, 98]
RL ES player 1 - learner: 17 points [80, 82, 89]
##########


Playing round:2|turn:8
Players choose cards...
RL ES player 1 - learner -> 80
Min player 1 -> 85
Min player 2 -> 86
Playing cards...
RL ES player 1 - learner -> Must play card in row 4
Min player 1 -> Must play card in row 1 -> Row is full
Min player 2 -> Must play card in row 1


##########
Row 1: [85, 86]
Row 2: [6, 12, 22]
Row 3: [100]
Row 4: [34, 44, 49, 80]
----------
Min player 1: 25 points [94, 99]
Min player 2: 31 points [87, 98]
RL ES player 1 - learner: 17 points [82, 89]
##########


Playing round:2|turn:9
Players choose cards...
RL ES player 1 - learner -> 82
Min player 2 -> 87
Min player 1 -> 94
Playing cards...
RL ES player 1 - learner -> Must play card in row 4
Min player 2 -> Must play card in row 1
Min player 1 -> Must play card in row 1


##########
Row 1: [85, 86, 87, 94]
Row 2: [6, 12, 22]
Row 3: [100]
Row 4: [34, 44, 49, 80, 82]
----------
Min player 1: 25 points [99]
Min player 2: 31 points [98]
RL ES player 1 - learner: 17 points [89]
##########


Playing round:2|turn:10
Players choose cards...
RL ES player 1 - learner -> 89
Min player 2 -> 98
Min player 1 -> 99
Playing cards...
RL ES player 1 - learner -> Must play card in row 4 -> Row is full
Min player 2 -> Must play card in row 1
Min player 1 -> Must play card in row 1 -> Row is full


##########
Row 1: [99]
Row 2: [6, 12, 22]
Row 3: [100]
Row 4: [89]
----------
Min player 1: 31 points []
Min player 2: 31 points []
RL ES player 1 - learner: 28 points []
##########


Starting round 3
Dealing 10 cards to each player...
Initializing board...


##########
Row 1: [104]
Row 2: [66]
Row 3: [43]
Row 4: [90]
----------
Min player 1: 31 points [9, 20, 25, 31, 34, 58, 73, 83, 89, 94]
Min player 2: 31 points [3, 10, 14, 21, 35, 48, 60, 62, 76, 84]
RL ES player 1 - learner: 28 points [1, 7, 40, 46, 47, 53, 67, 79, 91, 95]
##########


Playing round:3|turn:1
Players choose cards...
Min player 2 -> 3
Min player 1 -> 9
RL ES player 1 - learner -> 47
Playing cards...
Min player 2 -> Can't play the card -> Chose row 1
Min player 1 -> Must play card in row 1
RL ES player 1 - learner -> Must play card in row 3


##########
Row 1: [3, 9]
Row 2: [66]
Row 3: [43, 47]
Row 4: [90]
----------
Min player 1: 31 points [20, 25, 31, 34, 58, 73, 83, 89, 94]
Min player 2: 32 points [10, 14, 21, 35, 48, 60, 62, 76, 84]
RL ES player 1 - learner: 28 points [1, 7, 40, 46, 53, 67, 79, 91, 95]
##########


Playing round:3|turn:2
Players choose cards...
Min player 2 -> 10
Min player 1 -> 20
RL ES player 1 - learner -> 53
Playing cards...
Min player 2 -> Must play card in row 1
Min player 1 -> Must play card in row 1
RL ES player 1 - learner -> Must play card in row 3


##########
Row 1: [3, 9, 10, 20]
Row 2: [66]
Row 3: [43, 47, 53]
Row 4: [90]
----------
Min player 1: 31 points [25, 31, 34, 58, 73, 83, 89, 94]
Min player 2: 32 points [14, 21, 35, 48, 60, 62, 76, 84]
RL ES player 1 - learner: 28 points [1, 7, 40, 46, 67, 79, 91, 95]
##########


Playing round:3|turn:3
Players choose cards...
Min player 2 -> 14
Min player 1 -> 25
RL ES player 1 - learner -> 46
Playing cards...
Min player 2 -> Can't play the card -> Chose row 3
Min player 1 -> Must play card in row 1
RL ES player 1 - learner -> Must play card in row 1 -> Row is full


##########
Row 1: [46]
Row 2: [66]
Row 3: [14]
Row 4: [90]
----------
Min player 1: 31 points [31, 34, 58, 73, 83, 89, 94]
Min player 2: 35 points [21, 35, 48, 60, 62, 76, 84]
RL ES player 1 - learner: 38 points [1, 7, 40, 67, 79, 91, 95]
##########


Playing round:3|turn:4
Players choose cards...
Min player 2 -> 21
Min player 1 -> 31
RL ES player 1 - learner -> 67
Playing cards...
Min player 2 -> Must play card in row 3
Min player 1 -> Must play card in row 3
RL ES player 1 - learner -> Must play card in row 2


##########
Row 1: [46]
Row 2: [66, 67]
Row 3: [14, 21, 31]
Row 4: [90]
----------
Min player 1: 31 points [34, 58, 73, 83, 89, 94]
Min player 2: 35 points [35, 48, 60, 62, 76, 84]
RL ES player 1 - learner: 38 points [1, 7, 40, 79, 91, 95]
##########


Playing round:3|turn:5
Players choose cards...
Min player 1 -> 34
Min player 2 -> 35
RL ES player 1 - learner -> 40
Playing cards...
Min player 1 -> Must play card in row 3
Min player 2 -> Must play card in row 3
RL ES player 1 - learner -> Must play card in row 3 -> Row is full


##########
Row 1: [46]
Row 2: [66, 67]
Row 3: [40]
Row 4: [90]
----------
Min player 1: 31 points [58, 73, 83, 89, 94]
Min player 2: 35 points [48, 60, 62, 76, 84]
RL ES player 1 - learner: 44 points [1, 7, 79, 91, 95]
##########


Playing round:3|turn:6
Players choose cards...
Min player 2 -> 48
Min player 1 -> 58
RL ES player 1 - learner -> 79
Playing cards...
Min player 2 -> Must play card in row 1
Min player 1 -> Must play card in row 1
RL ES player 1 - learner -> Must play card in row 2


##########
Row 1: [46, 48, 58]
Row 2: [66, 67, 79]
Row 3: [40]
Row 4: [90]
----------
Min player 1: 31 points [73, 83, 89, 94]
Min player 2: 35 points [60, 62, 76, 84]
RL ES player 1 - learner: 44 points [1, 7, 91, 95]
##########


Playing round:3|turn:7
Players choose cards...
RL ES player 1 - learner -> 7
Min player 2 -> 60
Min player 1 -> 73
Playing cards...
RL ES player 1 - learner -> Can't play the card -> Chose row 1
Min player 2 -> Must play card in row 3
Min player 1 -> Must play card in row 3


##########
Row 1: [7]
Row 2: [66, 67, 79]
Row 3: [40, 60, 73]
Row 4: [90]
----------
Min player 1: 31 points [83, 89, 94]
Min player 2: 35 points [62, 76, 84]
RL ES player 1 - learner: 47 points [1, 91, 95]
##########


Playing round:3|turn:8
Players choose cards...
Min player 2 -> 62
Min player 1 -> 83
RL ES player 1 - learner -> 91
Playing cards...
Min player 2 -> Must play card in row 1
Min player 1 -> Must play card in row 2
RL ES player 1 - learner -> Must play card in row 4


##########
Row 1: [7, 62]
Row 2: [66, 67, 79, 83]
Row 3: [40, 60, 73]
Row 4: [90, 91]
----------
Min player 1: 31 points [89, 94]
Min player 2: 35 points [76, 84]
RL ES player 1 - learner: 47 points [1, 95]
##########


Playing round:3|turn:9
Players choose cards...
RL ES player 1 - learner -> 1
Min player 2 -> 76
Min player 1 -> 89
Playing cards...
RL ES player 1 - learner -> Can't play the card -> Chose row 1
Min player 2 -> Must play card in row 3
Min player 1 -> Must play card in row 2


##########
Row 1: [1]
Row 2: [66, 67, 79, 83, 89]
Row 3: [40, 60, 73, 76]
Row 4: [90, 91]
----------
Min player 1: 31 points [94]
Min player 2: 35 points [84]
RL ES player 1 - learner: 49 points [95]
##########


Playing round:3|turn:10
Players choose cards...
Min player 2 -> 84
Min player 1 -> 94
RL ES player 1 - learner -> 95
Playing cards...
Min player 2 -> Must play card in row 3
Min player 1 -> Must play card in row 4
RL ES player 1 - learner -> Must play card in row 4


##########
Row 1: [1]
Row 2: [66, 67, 79, 83, 89]
Row 3: [40, 60, 73, 76, 84]
Row 4: [90, 91, 94, 95]
----------
Min player 1: 31 points []
Min player 2: 35 points []
RL ES player 1 - learner: 49 points []
##########


Starting round 4
Dealing 10 cards to each player...
Initializing board...


##########
Row 1: [17]
Row 2: [44]
Row 3: [32]
Row 4: [48]
----------
Min player 1: 31 points [4, 52, 54, 57, 67, 87, 90, 96, 97, 99]
Min player 2: 35 points [11, 28, 41, 59, 66, 76, 86, 93, 102, 104]
RL ES player 1 - learner: 49 points [3, 9, 12, 19, 21, 45, 50, 75, 94, 95]
##########


Playing round:4|turn:1
Players choose cards...
Min player 1 -> 4
Min player 2 -> 11
RL ES player 1 - learner -> 21
Playing cards...
Min player 1 -> Can't play the card -> Chose row 1
Min player 2 -> Must play card in row 1
RL ES player 1 - learner -> Must play card in row 1


##########
Row 1: [4, 11, 21]
Row 2: [44]
Row 3: [32]
Row 4: [48]
----------
Min player 1: 32 points [52, 54, 57, 67, 87, 90, 96, 97, 99]
Min player 2: 35 points [28, 41, 59, 66, 76, 86, 93, 102, 104]
RL ES player 1 - learner: 49 points [3, 9, 12, 19, 45, 50, 75, 94, 95]
##########


Playing round:4|turn:2
Players choose cards...
Min player 2 -> 28
RL ES player 1 - learner -> 45
Min player 1 -> 52
Playing cards...
Min player 2 -> Must play card in row 1
RL ES player 1 - learner -> Must play card in row 2
Min player 1 -> Must play card in row 4


##########
Row 1: [4, 11, 21, 28]
Row 2: [44, 45]
Row 3: [32]
Row 4: [48, 52]
----------
Min player 1: 32 points [54, 57, 67, 87, 90, 96, 97, 99]
Min player 2: 35 points [41, 59, 66, 76, 86, 93, 102, 104]
RL ES player 1 - learner: 49 points [3, 9, 12, 19, 50, 75, 94, 95]
##########


Playing round:4|turn:3
Players choose cards...
RL ES player 1 - learner -> 19
Min player 2 -> 41
Min player 1 -> 54
Playing cards...
RL ES player 1 - learner -> Can't play the card -> Chose row 3
Min player 2 -> Must play card in row 1
Min player 1 -> Must play card in row 4


##########
Row 1: [4, 11, 21, 28, 41]
Row 2: [44, 45]
Row 3: [19]
Row 4: [48, 52, 54]
----------
Min player 1: 32 points [57, 67, 87, 90, 96, 97, 99]
Min player 2: 35 points [59, 66, 76, 86, 93, 102, 104]
RL ES player 1 - learner: 50 points [3, 9, 12, 50, 75, 94, 95]
##########


Playing round:4|turn:4
Players choose cards...
RL ES player 1 - learner -> 50
Min player 1 -> 57
Min player 2 -> 59
Playing cards...
RL ES player 1 - learner -> Must play card in row 2
Min player 1 -> Must play card in row 4
Min player 2 -> Must play card in row 4


##########
Row 1: [4, 11, 21, 28, 41]
Row 2: [44, 45, 50]
Row 3: [19]
Row 4: [48, 52, 54, 57, 59]
----------
Min player 1: 32 points [67, 87, 90, 96, 97, 99]
Min player 2: 35 points [66, 76, 86, 93, 102, 104]
RL ES player 1 - learner: 50 points [3, 9, 12, 75, 94, 95]
##########


Playing round:4|turn:5
Players choose cards...
RL ES player 1 - learner -> 12
Min player 2 -> 66
Min player 1 -> 67
Playing cards...
RL ES player 1 - learner -> Can't play the card -> Chose row 3
Min player 2 -> Must play card in row 4 -> Row is full
Min player 1 -> Must play card in row 4


##########
Row 1: [4, 11, 21, 28, 41]
Row 2: [44, 45, 50]
Row 3: [12]
Row 4: [66, 67]
----------
Min player 1: 32 points [87, 90, 96, 97, 99]
Min player 2: 40 points [76, 86, 93, 102, 104]
RL ES player 1 - learner: 51 points [3, 9, 75, 94, 95]
##########


Playing round:4|turn:6
Players choose cards...
RL ES player 1 - learner -> 75
Min player 2 -> 76
Min player 1 -> 87
Playing cards...
RL ES player 1 - learner -> Must play card in row 4
Min player 2 -> Must play card in row 4
Min player 1 -> Must play card in row 4


##########
Row 1: [4, 11, 21, 28, 41]
Row 2: [44, 45, 50]
Row 3: [12]
Row 4: [66, 67, 75, 76, 87]
----------
Min player 1: 32 points [90, 96, 97, 99]
Min player 2: 40 points [86, 93, 102, 104]
RL ES player 1 - learner: 51 points [3, 9, 94, 95]
##########


Playing round:4|turn:7
Players choose cards...
RL ES player 1 - learner -> 9
Min player 2 -> 86
Min player 1 -> 90
Playing cards...
RL ES player 1 - learner -> Can't play the card -> Chose row 3
Min player 2 -> Must play card in row 2
Min player 1 -> Must play card in row 4 -> Row is full


##########
Row 1: [4, 11, 21, 28, 41]
Row 2: [44, 45, 50, 86]
Row 3: [9]
Row 4: [90]
----------
Min player 1: 42 points [96, 97, 99]
Min player 2: 40 points [93, 102, 104]
RL ES player 1 - learner: 52 points [3, 94, 95]
##########


Playing round:4|turn:8
Players choose cards...
Min player 2 -> 93
RL ES player 1 - learner -> 94
Min player 1 -> 96
Playing cards...
Min player 2 -> Must play card in row 4
RL ES player 1 - learner -> Must play card in row 4
Min player 1 -> Must play card in row 4


##########
Row 1: [4, 11, 21, 28, 41]
Row 2: [44, 45, 50, 86]
Row 3: [9]
Row 4: [90, 93, 94, 96]
----------
Min player 1: 42 points [97, 99]
Min player 2: 40 points [102, 104]
RL ES player 1 - learner: 52 points [3, 95]
##########


Playing round:4|turn:9
Players choose cards...
RL ES player 1 - learner -> 3
Min player 1 -> 97
Min player 2 -> 102
Playing cards...
RL ES player 1 - learner -> Can't play the card -> Chose row 3
Min player 1 -> Must play card in row 4
Min player 2 -> Must play card in row 4 -> Row is full


##########
Row 1: [4, 11, 21, 28, 41]
Row 2: [44, 45, 50, 86]
Row 3: [3]
Row 4: [102]
----------
Min player 1: 42 points [99]
Min player 2: 47 points [104]
RL ES player 1 - learner: 53 points [95]
##########


Playing round:4|turn:10
Players choose cards...
RL ES player 1 - learner -> 95
Min player 1 -> 99
Min player 2 -> 104
Playing cards...
RL ES player 1 - learner -> Must play card in row 2
Min player 1 -> Must play card in row 2 -> Row is full
Min player 2 -> Must play card in row 4


##########
Row 1: [4, 11, 21, 28, 41]
Row 2: [99]
Row 3: [3]
Row 4: [102, 104]
----------
Min player 1: 55 points []
Min player 2: 47 points []
RL ES player 1 - learner: 53 points []
##########


Results:
Min player 2 -> total: 47, rounds: [18, 13, 4, 12]
RL ES player 1 - learner -> total: 53, rounds: [16, 12, 21, 4]
Min player 1 -> total: 55, rounds: [10, 21, 0, 24]
